2021-3-31 15-12-debug: "Start build task, options:"{"name":"demo","platform":"web-mobile","buildPath":"./build","debug":false,"md5Cache":false,"sourceMaps":false,"replaceSplashScreen":false,"mainBundleCompressionType":"merge_dep","mainBundleIsRemote":false,"mergeStartScene":false,"experimentalEraseModules":false,"compressTexture":true,"packAutoAtlas":true,"startScene":"7aa3f257-ecfb-402a-912e-9e262a654104","scenes":[{"url":"db://assets/scene.scene","uuid":"7aa3f257-ecfb-402a-912e-9e262a654104"}],"outputName":"web-mobile-001","packages":{"cocos-service":{},"web-mobile":{"orientation":"auto","polyfills":{"asyncFunctions":true}}}}
2021-3-31 15-12-debug: "cocos-service:(onBeforeBuild) start...""0%"
2021-3-31 15-12-debug: "// ---- cocos-service:(onBeforeBuild) ----"
2021-3-31 15-12-debug: "Process: heapTotal 157.98MB heapUsed 148.88MB rss 318.09MB"
2021-3-31 15-12-debug: "// ---- cocos-service:(onBeforeBuild) success ----"
2021-3-31 15-12-debug: "Query all assets info in project"
2021-3-31 15-12-debug: "cocos-service:(onBeforeBuild) √""4%"
2021-3-31 15-12-debug: "BuildAssetLibrary initialized with asset 274!"
2021-3-31 15-12-debug: "  Number of all scenes: 1"
2021-3-31 15-12-debug: "  Number of other assets: 317"
2021-3-31 15-12-debug: "web-mobile:(onAfterInit) start...""4%"
2021-3-31 15-12-debug: "// ---- web-mobile:(onAfterInit) ----"
2021-3-31 15-12-debug: "Process: heapTotal 158.16MB heapUsed 149.67MB rss 318.74MB"
2021-3-31 15-12-debug: "web-mobile:(onAfterInit) √""8%"
2021-3-31 15-12-debug: "  Number of all scripts: 5"
2021-3-31 15-12-debug: "// ---- web-mobile:(onAfterInit) success ----"
2021-3-31 15-12-log: "// ---- 加载刷新项目脚本 ----"
2021-3-31 15-12-debug: "Process: heapTotal 158.16MB heapUsed 149.71MB rss 318.79MB"
2021-3-31 15-12-debug: "reload all scripts."
2021-3-31 15-12-debug: "加载刷新项目脚本 start""8%"
2021-3-31 15-12-debug: "Loading plugin script db://assets/script/recastdetourjs/tool/recast.js"
2021-3-31 15-12-debug: "[[Executor]] Module \"cce:/internal/x/cc-fu/base\" loaded."
2021-3-31 15-12-debug: "[[Executor]] Module \"cce:/internal/x/cc-fu/gfx-webgl\" loaded."
2021-3-31 15-12-debug: "[[Executor]] Module \"cce:/internal/x/cc-fu/2d\" loaded."
2021-3-31 15-12-debug: "[[Executor]] Module \"cce:/internal/x/cc-fu/particle\" loaded."
2021-3-31 15-12-debug: "[[Executor]] Module \"cce:/internal/x/cc-fu/ui\" loaded."
2021-3-31 15-12-debug: "[[Executor]] Module \"cce:/internal/x/cc-fu/particle-2d\" loaded."
2021-3-31 15-12-debug: "[[Executor]] Module \"cce:/internal/x/cc-fu/physics-framework\" loaded."
2021-3-31 15-12-debug: "[[Executor]] Module \"cce:/internal/x/cc-fu/physics-2d-framework\" loaded."
2021-3-31 15-12-debug: "[[Executor]] Module \"cce:/internal/x/cc-fu/intersection-2d\" loaded."
2021-3-31 15-12-debug: "[[Executor]] Module \"cce:/internal/x/cc-fu/primitive\" loaded."
2021-3-31 15-12-debug: "[[Executor]] Module \"cce:/internal/x/cc-fu/profiler\" loaded."
2021-3-31 15-12-debug: "[[Executor]] Module \"cce:/internal/x/cc-fu/audio\" loaded."
2021-3-31 15-12-debug: "[[Executor]] Module \"cce:/internal/x/cc-fu/video\" loaded."
2021-3-31 15-12-debug: "[[Executor]] Module \"cce:/internal/x/cc-fu/3d\" loaded."
2021-3-31 15-12-debug: "[[Executor]] Module \"cce:/internal/x/cc-fu/terrain\" loaded."
2021-3-31 15-12-debug: "[[Executor]] Module \"cce:/internal/x/cc-fu/webview\" loaded."
2021-3-31 15-12-debug: "[[Executor]] Module \"cce:/internal/x/cc-fu/tween\" loaded."
2021-3-31 15-12-debug: "[[Executor]] Module \"cce:/internal/x/cc-fu/gfx-webgl2\" loaded."
2021-3-31 15-12-debug: "[[Executor]] Module \"cce:/internal/x/cc-fu/dragon-bones\" loaded."
2021-3-31 15-12-debug: "Invalidating 'pack:///mods/cce/internal/x/cc.js'"
2021-3-31 15-12-debug: "[[Executor]] Module \"pack:///mods/cce/internal/x/prerequisite-imports.js\" loaded."
2021-3-31 15-12-debug: "[[Executor]] Module \"pack:///mods/cce/internal/x/cc.js\" loaded."
2021-3-31 15-12-debug: "[[Executor]] Module \"pack:///mods/file/D:/BabylonJsExtensions/recastjs/demo/assets/script/recastdetourjs/tool/INavigationEngine.js\" loaded."
2021-3-31 15-12-debug: "[[Executor]] Module \"pack:///mods/cce/internal/code-quality/cr.js\" loaded."
2021-3-31 15-12-debug: "[[Executor]] Module \"cce:/internal/x/cc-fu/spine\" loaded."
2021-3-31 15-12-debug: "[[Executor]] Module \"pack:///mods/file/D:/BabylonJsExtensions/recastjs/demo/assets/script/recastdetourjs/tool/recastJsPlugin.js\" loaded."
2021-3-31 15-12-debug: "[[Executor]] Module \"pack:///mods/file/D:/BabylonJsExtensions/recastjs/demo/assets/script/recastdetourjs/tool/RecastDetourManager.js\" loaded."
2021-3-31 15-12-debug: "[[Executor]] Register Test"
2021-3-31 15-12-debug: "[[Executor]] Module \"pack:///mods/file/D:/BabylonJsExtensions/recastjs/demo/assets/script/test.js\" loaded."
2021-3-31 15-12-debug: "[[Executor]] Register RecastDetourManager"
2021-3-31 15-12-debug: "[[Executor]] Module \"pack:///mods/cce/internal/x/prerequisite-imports.js\" loaded."
2021-3-31 15-12-debug: "加载刷新项目脚本 √""10%"
2021-3-31 15-12-debug: "查询 asset bundle start""10%"
2021-3-31 15-12-log: "// ---- 查询 asset bundle ----"
2021-3-31 15-12-debug: "Process: heapTotal 161.36MB heapUsed 150.76MB rss 319.57MB"
2021-3-31 15-12-debug: "[[Executor]] Module \"cce:/internal/x/cc-fu/tiled-map\" loaded."
2021-3-31 15-12-debug: "[[Executor]] Module \"pack:///mods/cce/internal/x/cc.js\" loaded."
2021-3-31 15-12-debug: "查询 asset bundle √""13%"
2021-3-31 15-12-debug: "查询使用的资源以及资源包配置 start""13%"
2021-3-31 15-12-log: "// ---- 查询使用的资源以及资源包配置 ----"
2021-3-31 15-12-debug: "Process: heapTotal 161.36MB heapUsed 150.85MB rss 319.73MB"
2021-3-31 15-12-debug: "Number of scenes: 1"
2021-3-31 15-12-debug: "Number of assets: 56"
2021-3-31 15-12-debug: "Number of asset bundle: 2"
2021-3-31 15-12-debug: "查询使用的资源以及资源包配置 √""16%"
2021-3-31 15-12-debug: "Process: heapTotal 161.61MB heapUsed 151.95MB rss 322.74MB"
2021-3-31 15-12-log: "// ---- 整理脚本分组与脚本数据 ----"
2021-3-31 15-12-debug: "整理脚本分组与脚本数据 √""19%"
2021-3-31 15-12-debug: "整理脚本分组与脚本数据 start""16%"
2021-3-31 15-12-log: "// ---- 整理纹理压缩任务 ----"
2021-3-31 15-12-debug: "Process: heapTotal 161.61MB heapUsed 151.98MB rss 322.74MB"
2021-3-31 15-12-debug: "整理纹理压缩任务 start""19%"
2021-3-31 15-12-debug: "sort script group..."
2021-3-31 15-12-debug: "Number of image-compress task: 0"
2021-3-31 15-12-debug: "整理纹理压缩任务 √""22%"
2021-3-31 15-12-debug: "Process: heapTotal 161.61MB heapUsed 152.08MB rss 322.75MB"
2021-3-31 15-12-debug: "Number of json group: 1"
2021-3-31 15-12-debug: "初步划分 json 合并分组 √""25%"
2021-3-31 15-12-debug: "整理合并压缩 Texture2D 的 json 数据 start""25%"
2021-3-31 15-12-log: "// ---- 整理合并压缩 Texture2D 的 json 数据 ----"
2021-3-31 15-12-debug: "Process: heapTotal 161.61MB heapUsed 152.31MB rss 322.75MB"
2021-3-31 15-12-debug: "整理合并压缩 Texture2D 的 json 数据 √""28%"
2021-3-31 15-12-debug: " start""28%"
2021-3-31 15-12-log: "// ---- 初步划分 json 合并分组 ----"
2021-3-31 15-12-debug: "Process: heapTotal 161.61MB heapUsed 152.34MB rss 322.78MB"
2021-3-31 15-12-log: "// ----  ----"
2021-3-31 15-12-debug: "初步划分 json 合并分组 start""22%"
2021-3-31 15-12-warn: "Browserslist: caniuse-lite is outdated. Please run:\nnpx browserslist@latest --update-db"
2021-3-31 15-12-debug: "打包脚本""28%"
2021-3-31 15-12-debug: "Process: heapTotal 197.61MB heapUsed 181.98MB rss 363.98MB"
2021-3-31 15-12-warn: "Browserslist: caniuse-lite is outdated. Please run the following command: `npx browserslist --update-db`"
2021-3-31 15-12-debug: "Copy externalScripts success!"
2021-3-31 15-12-debug: "打包脚本√""28%"
2021-3-31 15-12-debug: "Process: heapTotal 198.14MB heapUsed 176.57MB rss 366.38MB"
2021-3-31 15-12-debug: "构建引擎""28%"
2021-3-31 15-12-debug: "Engine cache ({link(C:\\Users\\XPLAYG~1\\AppData\\Local\\Temp\\CocosCreator\\3.0.0\\builder\\engine\\fd4d3fe54a2ae98460b854e25e17a0f1)}) does not exist."
2021-3-31 15-12-debug: {"incremental":"C:\\Users\\XPLAYG~1\\AppData\\Local\\Temp\\CocosCreator\\3.0.0\\builder\\engine\\fd4d3fe54a2ae98460b854e25e17a0f1.watch-files.json","engine":"D:\\cocos\\myEngine3.0","out":"C:\\Users\\XPLAYG~1\\AppData\\Local\\Temp\\CocosCreator\\3.0.0\\builder\\engine\\fd4d3fe54a2ae98460b854e25e17a0f1","moduleFormat":2,"compress":true,"split":false,"ammoJsWasm":"fallback","assetURLFormat":"runtime-resolved","buildTimeConstants":{"HTML5":true,"WECHAT":false,"ALIPAY":false,"BAIDU":false,"XIAOMI":false,"BYTEDANCE":false,"OPPO":false,"VIVO":false,"HUAWEI":false,"NATIVE":false,"COCOSPLAY":false,"LINKSURE":false,"QTT":false,"EDITOR":false,"PREVIEW":false,"BUILD":true,"TEST":false,"DEBUG":false,"DEV":false,"RUNTIME_BASED":false,"MINIGAME":false,"JSB":false,"SUPPORT_JIT":true},"loose":true,"features":["base","gfx-webgl","profiler","audio","video","webview","tween","3d","particle","primitive","terrain","2d","ui","intersection-2d","particle-2d","tiled-map","spine","dragon-bones"],"platform":"HTML5","mode":"BUILD"}
2021-3-31 15-12-debug: "Build-engine options: {\n  \"incremental\": \"C:\\\\Users\\\\XPLAYG~1\\\\AppData\\\\Local\\\\Temp\\\\CocosCreator\\\\3.0.0\\\\builder\\\\engine\\\\fd4d3fe54a2ae98460b854e25e17a0f1.watch-files.json\",\n  \"engine\": \"D:\\\\cocos\\\\myEngine3.0\",\n  \"out\": \"C:\\\\Users\\\\XPLAYG~1\\\\AppData\\\\Local\\\\Temp\\\\CocosCreator\\\\3.0.0\\\\builder\\\\engine\\\\fd4d3fe54a2ae98460b854e25e17a0f1\",\n  \"moduleFormat\": 2,\n  \"compress\": true,\n  \"split\": false,\n  \"ammoJsWasm\": \"fallback\",\n  \"assetURLFormat\": \"runtime-resolved\",\n  \"buildTimeConstants\": {\n    \"HTML5\": true,\n    \"WECHAT\": false,\n    \"ALIPAY\": false,\n    \"BAIDU\": false,\n    \"XIAOMI\": false,\n    \"BYTEDANCE\": false,\n    \"OPPO\": false,\n    \"VIVO\": false,\n    \"HUAWEI\": false,\n    \"NATIVE\": false,\n    \"COCOSPLAY\": false,\n    \"LINKSURE\": false,\n    \"QTT\": false,\n    \"EDITOR\": false,\n    \"PREVIEW\": false,\n    \"BUILD\": true,\n    \"TEST\": false,\n    \"DEBUG\": false,\n    \"DEV\": false,\n    \"RUNTIME_BASED\": false,\n    \"MINIGAME\": false,\n    \"JSB\": false,\n    \"SUPPORT_JIT\": true\n  },\n  \"loose\": true,\n  \"features\": [\n    \"base\",\n    \"gfx-webgl\",\n    \"profiler\",\n    \"audio\",\n    \"video\",\n    \"webview\",\n    \"tween\",\n    \"3d\",\n    \"particle\",\n    \"primitive\",\n    \"terrain\",\n    \"2d\",\n    \"ui\",\n    \"intersection-2d\",\n    \"particle-2d\",\n    \"tiled-map\",\n    \"spine\",\n    \"dragon-bones\"\n  ],\n  \"platform\": \"HTML5\",\n  \"mode\": \"BUILD\"\n}"
2021-3-31 15-12-debug: "Eval \"context.mode === 'BUILD'\" to true"
2021-3-31 15-12-debug: "Eval \"context.platform === 'NATIVE'\" to false"
2021-3-31 15-12-debug: "Module source \"internal-constants\":\nexport const EXPORT_TO_GLOBAL = true;\nexport const HTML5 = true;\nexport const WECHAT = false;\nexport const ALIPAY = false;\nexport const BAIDU = false;\nexport const XIAOMI = false;\nexport const BYTEDANCE = false;\nexport const OPPO = false;\nexport const VIVO = false;\nexport const HUAWEI = false;\nexport const NATIVE = false;\nexport const COCOSPLAY = false;\nexport const LINKSURE = false;\nexport const QTT = false;\nexport const EDITOR = false;\nexport const PREVIEW = false;\nexport const BUILD = true;\nexport const TEST = false;\nexport const DEBUG = false;\nexport const DEV = false;\nexport const RUNTIME_BASED = false;\nexport const MINIGAME = false;\nexport const JSB = false;\nexport const SUPPORT_JIT = true;"
2021-3-31 15-12-debug: "Module source \"cc\":\nexport * from 'D:\\\\cocos\\\\myEngine3.0\\\\exports\\\\base.ts';\nexport * from 'D:\\\\cocos\\\\myEngine3.0\\\\exports\\\\gfx-webgl.ts';\nexport * from 'D:\\\\cocos\\\\myEngine3.0\\\\exports\\\\profiler.ts';\nexport * from 'D:\\\\cocos\\\\myEngine3.0\\\\exports\\\\audio.ts';\nexport * from 'D:\\\\cocos\\\\myEngine3.0\\\\exports\\\\video.ts';\nexport * from 'D:\\\\cocos\\\\myEngine3.0\\\\exports\\\\webview.ts';\nexport * from 'D:\\\\cocos\\\\myEngine3.0\\\\exports\\\\tween.ts';\nexport * from 'D:\\\\cocos\\\\myEngine3.0\\\\exports\\\\3d.ts';\nexport * from 'D:\\\\cocos\\\\myEngine3.0\\\\exports\\\\particle.ts';\nexport * from 'D:\\\\cocos\\\\myEngine3.0\\\\exports\\\\primitive.ts';\nexport * from 'D:\\\\cocos\\\\myEngine3.0\\\\exports\\\\terrain.ts';\nexport * from 'D:\\\\cocos\\\\myEngine3.0\\\\exports\\\\2d.ts';\nexport * from 'D:\\\\cocos\\\\myEngine3.0\\\\exports\\\\ui.ts';\nexport * from 'D:\\\\cocos\\\\myEngine3.0\\\\exports\\\\intersection-2d.ts';\nexport * from 'D:\\\\cocos\\\\myEngine3.0\\\\exports\\\\particle-2d.ts';\nexport * from 'D:\\\\cocos\\\\myEngine3.0\\\\exports\\\\tiled-map.ts';\nexport * from 'D:\\\\cocos\\\\myEngine3.0\\\\exports\\\\spine.ts';\nexport * from 'D:\\\\cocos\\\\myEngine3.0\\\\exports\\\\dragon-bones.ts';"
2021-3-31 15-12-error: "[BABEL] Note: The code generator has deoptimised the styling of D:\\cocos\\myEngine3.0\\cocos\\dragon-bones\\lib\\dragonBones.js as it exceeds the max of 500KB."
2021-3-31 15-12-warn: "The 'this' keyword is equivalent to 'undefined' at the top level of an ES module, and has been rewritten"
2021-3-31 15-12-warn: "The 'this' keyword is equivalent to 'undefined' at the top level of an ES module, and has been rewritten"
2021-3-31 15-12-warn: "The 'this' keyword is equivalent to 'undefined' at the top level of an ES module, and has been rewritten"
2021-3-31 15-12-warn: "The 'this' keyword is equivalent to 'undefined' at the top level of an ES module, and has been rewritten"
2021-3-31 15-12-debug: "Redirect module D:\\cocos\\myEngine3.0\\cocos\\core\\data\\deserialize-dynamic.ts to D:\\cocos\\myEngine3.0\\cocos\\core\\data\\deserialize-dynamic-empty.ts"
2021-3-31 15-13-debug: "构建引擎√""28%"
2021-3-31 15-13-debug: " √""33%"
2021-3-31 15-13-debug: "构建自动图集 start""33%"
2021-3-31 15-13-log: "// ---- 构建自动图集 ----"
2021-3-31 15-13-debug: "Process: heapTotal 427.58MB heapUsed 409.65MB rss 600.96MB"
2021-3-31 15-13-debug: "构建自动图集 √""39%"
2021-3-31 15-13-debug: "图片拷贝压缩任务 start""39%"
2021-3-31 15-13-log: "// ---- 图片拷贝压缩任务 ----"
2021-3-31 15-13-debug: "Process: heapTotal 427.58MB heapUsed 409.69MB rss 600.99MB"
2021-3-31 15-13-debug: "图片拷贝压缩任务 √""45%"
2021-3-31 15-13-debug: "将资源拷贝到指定位置 start""45%"
2021-3-31 15-13-log: "// ---- 将资源拷贝到指定位置 ----"
2021-3-31 15-13-debug: "Process: heapTotal 427.58MB heapUsed 409.71MB rss 601.01MB"
2021-3-31 15-13-debug: "Asset Bundle(resources) handle assets: 34"
2021-3-31 15-13-debug: "Asset Bundle(main) handle assets: 24"
2021-3-31 15-13-debug: "将资源拷贝到指定位置 √""50%"
2021-3-31 15-13-log: "// ---- 将分组后的 json 与散文件构建到指定位置 ----"
2021-3-31 15-13-debug: "Process: heapTotal 430.58MB heapUsed 410.43MB rss 600.47MB"
2021-3-31 15-13-debug: "将分组后的 json 与散文件构建到指定位置 start""50%"
2021-3-31 15-13-debug: "Json group(build-task/json) compile success，json number: 6"
2021-3-31 15-13-debug: "将分组后的 json 与散文件构建到指定位置 √""56%"
2021-3-31 15-13-debug: "压缩 zip bundle start""56%"
2021-3-31 15-13-log: "// ---- 压缩 zip bundle ----"
2021-3-31 15-13-debug: "压缩 zip bundle √""62%"
2021-3-31 15-13-debug: "Process: heapTotal 435.32MB heapUsed 411.38MB rss 607.65MB"
2021-3-31 15-13-log: "// ---- 给所有的资源加上 md5 后缀 ----"
2021-3-31 15-13-debug: "给所有的资源加上 md5 后缀 start""62%"
2021-3-31 15-13-debug: "Process: heapTotal 435.32MB heapUsed 411.40MB rss 607.65MB"
2021-3-31 15-13-debug: "初始化 settings 与 config start""68%"
2021-3-31 15-13-debug: "给所有的资源加上 md5 后缀 √""68%"
2021-3-31 15-13-debug: "Process: heapTotal 435.32MB heapUsed 411.43MB rss 607.65MB"
2021-3-31 15-13-debug: "tasks.settings.macro字段未在编辑器多语言内定义"
2021-3-31 15-13-debug: "初始化 settings 与 config √""68%"
2021-3-31 15-13-log: "// ---- tasks.settings.macro ----"
2021-3-31 15-13-log: "// ---- 初始化 settings 与 config ----"
2021-3-31 15-13-debug: "Process: heapTotal 435.32MB heapUsed 411.46MB rss 607.65MB"
2021-3-31 15-13-debug: "tasks.settings.macro start""68%"
2021-3-31 15-13-debug: "tasks.settings.macro √""69%"
2021-3-31 15-13-debug: "使用缓存 settings start""69%"
2021-3-31 15-13-log: "// ---- 使用缓存 settings ----"
2021-3-31 15-13-debug: "Process: heapTotal 435.32MB heapUsed 411.52MB rss 607.66MB"
2021-3-31 15-13-debug: "使用缓存 settings √""69%"
2021-3-31 15-13-debug: "custom joint texture layouts start""69%"
2021-3-31 15-13-log: "// ---- custom joint texture layouts ----"
2021-3-31 15-13-debug: "Process: heapTotal 435.32MB heapUsed 411.62MB rss 607.66MB"
2021-3-31 15-13-debug: "custom joint texture layouts √""70%"
2021-3-31 15-13-debug: "custom joint physics start""70%"
2021-3-31 15-13-log: "// ---- custom joint physics ----"
2021-3-31 15-13-debug: "Process: heapTotal 435.32MB heapUsed 411.65MB rss 607.66MB"
2021-3-31 15-13-debug: "custom joint physics √""70%"
2021-3-31 15-13-debug: "填充脚本数据到 settings start""70%"
2021-3-31 15-13-log: "// ---- 填充脚本数据到 settings ----"
2021-3-31 15-13-debug: "Process: heapTotal 435.32MB heapUsed 411.68MB rss 607.66MB"
2021-3-31 15-13-debug: "填充脚本数据到 settings √""71%"
2021-3-31 15-13-debug: "填充场景数据到 settings start""71%"
2021-3-31 15-13-log: "// ---- 填充场景数据到 settings ----"
2021-3-31 15-13-debug: "Process: heapTotal 435.32MB heapUsed 411.71MB rss 607.66MB"
2021-3-31 15-13-debug: "填充场景数据到 settings √""71%"
2021-3-31 15-13-debug: "整理 assets 分组，生成 packedAssets 以及 rawAssets 数据 start""71%"
2021-3-31 15-13-log: "// ---- 整理 assets 分组，生成 packedAssets 以及 rawAssets 数据 ----"
2021-3-31 15-13-debug: "Process: heapTotal 435.32MB heapUsed 411.73MB rss 607.66MB"
2021-3-31 15-13-debug: "整理 assets 分组，生成 packedAssets 以及 rawAssets 数据 √""72%"
2021-3-31 15-13-debug: "从 suffixMap 生成 md5AssetsMap 到 settings start""72%"
2021-3-31 15-13-log: "// ---- 从 suffixMap 生成 md5AssetsMap 到 settings ----"
2021-3-31 15-13-debug: "Process: heapTotal 435.32MB heapUsed 411.77MB rss 607.66MB"
2021-3-31 15-13-debug: "options.md5Cache is false."
2021-3-31 15-13-debug: "从 suffixMap 生成 md5AssetsMap 到 settings √""73%"
2021-3-31 15-13-debug: "web-mobile:(onBeforeCompressSettings) start...""73%"
2021-3-31 15-13-debug: "// ---- web-mobile:(onBeforeCompressSettings) ----"
2021-3-31 15-13-debug: "Process: heapTotal 435.32MB heapUsed 411.80MB rss 607.66MB"
2021-3-31 15-13-debug: "cocos-service:(onBeforeCompressSettings) start...""76%"
2021-3-31 15-13-debug: "// ---- cocos-service:(onBeforeCompressSettings) ----"
2021-3-31 15-13-debug: "Process: heapTotal 435.32MB heapUsed 411.83MB rss 607.66MB"
2021-3-31 15-13-debug: "// ---- web-mobile:(onBeforeCompressSettings) success ----"
2021-3-31 15-13-debug: "web-mobile:(onBeforeCompressSettings) √""76%"
2021-3-31 15-13-debug: "// ---- cocos-service:(onBeforeCompressSettings) success ----"
2021-3-31 15-13-debug: "cocos-service:(onBeforeCompressSettings) √""80%"
2021-3-31 15-13-debug: "压缩 config.json 与 settings.js start""80%"
2021-3-31 15-13-log: "// ---- 压缩 config.json 与 settings.js ----"
2021-3-31 15-13-debug: "Process: heapTotal 435.32MB heapUsed 411.93MB rss 607.66MB"
2021-3-31 15-13-debug: "压缩 config.json 与 settings.js √""81%"
2021-3-31 15-13-log: "// ---- 保存 config.json ----"
2021-3-31 15-13-debug: "保存 config.json start""81%"
2021-3-31 15-13-debug: "Process: heapTotal 435.32MB heapUsed 412.01MB rss 607.67MB"
2021-3-31 15-13-debug: "保存 config.json √""82%"
2021-3-31 15-13-debug: "保存 settings.json start""82%"
2021-3-31 15-13-log: "// ---- 保存 settings.json ----"
2021-3-31 15-13-debug: "Process: heapTotal 435.32MB heapUsed 412.05MB rss 607.67MB"
2021-3-31 15-13-debug: "保存 settings.json √""84%"
2021-3-31 15-13-debug: "整理静态模板文件 start""84%"
2021-3-31 15-13-debug: "Process: heapTotal 435.32MB heapUsed 412.14MB rss 607.67MB"
2021-3-31 15-13-debug: "cocos-service:(onAfterCompressSettings) start...""85%"
2021-3-31 15-13-log: "// ---- 整理静态模板文件 ----"
2021-3-31 15-13-debug: "// ---- cocos-service:(onAfterCompressSettings) ----"
2021-3-31 15-13-debug: "整理静态模板文件 √""85%"
2021-3-31 15-13-debug: "Process: heapTotal 435.57MB heapUsed 414.79MB rss 608.71MB"
2021-3-31 15-13-debug: "// ---- cocos-service:(onAfterCompressSettings) success ----"
2021-3-31 15-13-debug: "web-mobile:(onAfterBuild) start...""89%"
2021-3-31 15-13-debug: "Process: heapTotal 436.07MB heapUsed 412.66MB rss 608.95MB"
2021-3-31 15-13-debug: "// ---- web-mobile:(onAfterBuild) success ----"
2021-3-31 15-13-debug: "cocos-service:(onAfterCompressSettings) √""89%"
2021-3-31 15-13-debug: "web-mobile:(onAfterBuild) √""92%"
2021-3-31 15-13-debug: "cocos-service:(onAfterBuild) start...""92%"
2021-3-31 15-13-debug: "// ---- web-mobile:(onAfterBuild) ----"
2021-3-31 15-13-debug: "// ---- cocos-service:(onAfterBuild) ----"
2021-3-31 15-13-debug: "Process: heapTotal 436.07MB heapUsed 414.57MB rss 609.02MB"
2021-3-31 15-13-debug: "// ---- cocos-service:(onAfterBuild) success ----"
2021-3-31 15-13-debug: "cocos-service:(onAfterBuild) √""96%"
