debug: Wed, 31 Mar 2021 07:11:35 GMT
debug: Project: D:\BabylonJsExtensions\recastjs\demo
debug: Targets: editor,preview
debug: Packer deriver version file lost or format incorrect: Error: ENOENT: no such file or directory, open 'D:\BabylonJsExtensions\recastjs\demo\temp\programming\packer-driver\VERSION'
debug: Clearing out the targets...
debug: Engine path: D:\cocos\myEngine3.0
debug: Initializing target [Editor]
debug: Loading cache
debug: Module record file loaded failed with error: Error: ENOENT: no such file or directory, open 'D:\BabylonJsExtensions\recastjs\demo\temp\programming\packer-driver\targets\editor\modules.json'
debug: Loading cache costs 0.4555010013282299ms.
debug: Engine features shipped in editor: base,gfx-webgl,gfx-webgl2,3d,2d,ui,particle,particle-2d,physics-framework,physics-2d-framework,intersection-2d,primitive,profiler,audio,video,terrain,webview,tween,tiled-map,spine,dragon-bones
debug: Initializing target [Preview]
debug: Loading cache
debug: Module record file loaded failed with error: Error: ENOENT: no such file or directory, open 'D:\BabylonJsExtensions\recastjs\demo\temp\programming\packer-driver\targets\preview\modules.json'
debug: Loading cache costs 0.6202000007033348ms.
debug: Sync engine features: base,gfx-webgl,gfx-webgl2,3d,2d,ui,particle,physics-ammo,physics-2d-box2d,intersection-2d,primitive,profiler,particle-2d,audio,video,webview,tween,terrain,tiled-map,spine,dragon-bones
debug: Pulling asset-db.
debug: Fetch asset-db cost: 6.0020000003278255ms.
debug: Build iteration starts.
Number of accumulated asset changes: 4
Feature changed: false
debug: Target(editor) build started.
debug: Inspect cce:/internal/x/cc
debug: Resolve cce:/internal/x/cc-fu/base from cce:/internal/x/cc as external dependency cce:/internal/x/cc-fu/base.
debug: Resolve cce:/internal/x/cc-fu/gfx-webgl from cce:/internal/x/cc as external dependency cce:/internal/x/cc-fu/gfx-webgl.
debug: Resolve cce:/internal/x/cc-fu/gfx-webgl2 from cce:/internal/x/cc as external dependency cce:/internal/x/cc-fu/gfx-webgl2.
debug: Resolve cce:/internal/x/cc-fu/3d from cce:/internal/x/cc as external dependency cce:/internal/x/cc-fu/3d.
debug: Resolve cce:/internal/x/cc-fu/2d from cce:/internal/x/cc as external dependency cce:/internal/x/cc-fu/2d.
debug: Resolve cce:/internal/x/cc-fu/ui from cce:/internal/x/cc as external dependency cce:/internal/x/cc-fu/ui.
debug: Resolve cce:/internal/x/cc-fu/particle from cce:/internal/x/cc as external dependency cce:/internal/x/cc-fu/particle.
debug: Resolve cce:/internal/x/cc-fu/particle-2d from cce:/internal/x/cc as external dependency cce:/internal/x/cc-fu/particle-2d.
debug: Resolve cce:/internal/x/cc-fu/physics-framework from cce:/internal/x/cc as external dependency cce:/internal/x/cc-fu/physics-framework.
debug: Resolve cce:/internal/x/cc-fu/physics-2d-framework from cce:/internal/x/cc as external dependency cce:/internal/x/cc-fu/physics-2d-framework.
debug: Resolve cce:/internal/x/cc-fu/intersection-2d from cce:/internal/x/cc as external dependency cce:/internal/x/cc-fu/intersection-2d.
debug: Resolve cce:/internal/x/cc-fu/primitive from cce:/internal/x/cc as external dependency cce:/internal/x/cc-fu/primitive.
debug: Resolve cce:/internal/x/cc-fu/profiler from cce:/internal/x/cc as external dependency cce:/internal/x/cc-fu/profiler.
debug: Resolve cce:/internal/x/cc-fu/audio from cce:/internal/x/cc as external dependency cce:/internal/x/cc-fu/audio.
debug: Resolve cce:/internal/x/cc-fu/video from cce:/internal/x/cc as external dependency cce:/internal/x/cc-fu/video.
debug: Resolve cce:/internal/x/cc-fu/terrain from cce:/internal/x/cc as external dependency cce:/internal/x/cc-fu/terrain.
debug: Resolve cce:/internal/x/cc-fu/webview from cce:/internal/x/cc as external dependency cce:/internal/x/cc-fu/webview.
debug: Resolve cce:/internal/x/cc-fu/tween from cce:/internal/x/cc as external dependency cce:/internal/x/cc-fu/tween.
debug: Resolve cce:/internal/x/cc-fu/tiled-map from cce:/internal/x/cc as external dependency cce:/internal/x/cc-fu/tiled-map.
debug: Resolve cce:/internal/x/cc-fu/spine from cce:/internal/x/cc as external dependency cce:/internal/x/cc-fu/spine.
debug: Resolve cce:/internal/x/cc-fu/dragon-bones from cce:/internal/x/cc as external dependency cce:/internal/x/cc-fu/dragon-bones.
debug: Inspect cce:/internal/x/prerequisite-imports
debug: Resolve file:///D:/BabylonJsExtensions/recastjs/demo/assets/script/recastdetourjs/tool/INavigationEngine.ts from cce:/internal/x/prerequisite-imports as file:///D:/BabylonJsExtensions/recastjs/demo/assets/script/recastdetourjs/tool/INavigationEngine.ts.
debug: Resolve file:///D:/BabylonJsExtensions/recastjs/demo/assets/script/recastdetourjs/tool/RecastDetourManager.ts from cce:/internal/x/prerequisite-imports as file:///D:/BabylonJsExtensions/recastjs/demo/assets/script/recastdetourjs/tool/RecastDetourManager.ts.
debug: Resolve file:///D:/BabylonJsExtensions/recastjs/demo/assets/script/recastdetourjs/tool/recastJsPlugin.ts from cce:/internal/x/prerequisite-imports as file:///D:/BabylonJsExtensions/recastjs/demo/assets/script/recastdetourjs/tool/recastJsPlugin.ts.
debug: Resolve file:///D:/BabylonJsExtensions/recastjs/demo/assets/script/test.ts from cce:/internal/x/prerequisite-imports as file:///D:/BabylonJsExtensions/recastjs/demo/assets/script/test.ts.
debug: Inspect file:///D:/BabylonJsExtensions/recastjs/demo/assets/script/recastdetourjs/tool/INavigationEngine.ts
debug: Inspect file:///D:/BabylonJsExtensions/recastjs/demo/assets/script/recastdetourjs/tool/RecastDetourManager.ts
debug: Inspect file:///D:/BabylonJsExtensions/recastjs/demo/assets/script/recastdetourjs/tool/recastJsPlugin.ts
debug: Inspect file:///D:/BabylonJsExtensions/recastjs/demo/assets/script/test.ts
debug: Resolve cce:/internal/code-quality/cr.mjs from file:///D:/BabylonJsExtensions/recastjs/demo/assets/script/test.ts as cce:/internal/code-quality/cr.mjs.
debug: Resolve cc from file:///D:/BabylonJsExtensions/recastjs/demo/assets/script/test.ts as cce:/internal/x/cc.
debug: Resolve cc from file:///D:/BabylonJsExtensions/recastjs/demo/assets/script/test.ts as cce:/internal/x/cc.
debug: Resolve cc from file:///D:/BabylonJsExtensions/recastjs/demo/assets/script/test.ts as cce:/internal/x/cc.
debug: Inspect cce:/internal/code-quality/cr.mjs
debug: Resolve ./recastdetourjs/tool/RecastDetourManager from file:///D:/BabylonJsExtensions/recastjs/demo/assets/script/test.ts as file:///D:/BabylonJsExtensions/recastjs/demo/assets/script/recastdetourjs/tool/RecastDetourManager.ts.
debug: Resolve ./recastdetourjs/tool/recastJsPlugin from file:///D:/BabylonJsExtensions/recastjs/demo/assets/script/test.ts as file:///D:/BabylonJsExtensions/recastjs/demo/assets/script/recastdetourjs/tool/recastJsPlugin.ts.
debug: Resolve cc from file:///D:/BabylonJsExtensions/recastjs/demo/assets/script/recastdetourjs/tool/INavigationEngine.ts as cce:/internal/x/cc.
debug: Resolve cce:/internal/code-quality/cr.mjs from file:///D:/BabylonJsExtensions/recastjs/demo/assets/script/recastdetourjs/tool/RecastDetourManager.ts as cce:/internal/code-quality/cr.mjs.
debug: Resolve cc from file:///D:/BabylonJsExtensions/recastjs/demo/assets/script/recastdetourjs/tool/RecastDetourManager.ts as cce:/internal/x/cc.
debug: Resolve cc from file:///D:/BabylonJsExtensions/recastjs/demo/assets/script/recastdetourjs/tool/RecastDetourManager.ts as cce:/internal/x/cc.
debug: Resolve cce:/internal/code-quality/cr.mjs from file:///D:/BabylonJsExtensions/recastjs/demo/assets/script/recastdetourjs/tool/recastJsPlugin.ts as cce:/internal/code-quality/cr.mjs.
debug: Resolve cc from file:///D:/BabylonJsExtensions/recastjs/demo/assets/script/recastdetourjs/tool/recastJsPlugin.ts as cce:/internal/x/cc.
debug: Resolve cc from file:///D:/BabylonJsExtensions/recastjs/demo/assets/script/recastdetourjs/tool/recastJsPlugin.ts as cce:/internal/x/cc.
debug: Resolve cc from file:///D:/BabylonJsExtensions/recastjs/demo/assets/script/recastdetourjs/tool/recastJsPlugin.ts as cce:/internal/x/cc.
debug: Resolve ./recastJsPlugin from file:///D:/BabylonJsExtensions/recastjs/demo/assets/script/recastdetourjs/tool/RecastDetourManager.ts as file:///D:/BabylonJsExtensions/recastjs/demo/assets/script/recastdetourjs/tool/recastJsPlugin.ts.
debug: Target(editor) ends with cost 819.8552999999374ms.
debug: Target(preview) build started.
debug: Inspect cce:/internal/x/cc
debug: Resolve cce:/internal/x/cc-fu/base from cce:/internal/x/cc as external dependency cce:/internal/x/cc-fu/base.
debug: Resolve cce:/internal/x/cc-fu/gfx-webgl from cce:/internal/x/cc as external dependency cce:/internal/x/cc-fu/gfx-webgl.
debug: Resolve cce:/internal/x/cc-fu/gfx-webgl2 from cce:/internal/x/cc as external dependency cce:/internal/x/cc-fu/gfx-webgl2.
debug: Resolve cce:/internal/x/cc-fu/3d from cce:/internal/x/cc as external dependency cce:/internal/x/cc-fu/3d.
debug: Resolve cce:/internal/x/cc-fu/2d from cce:/internal/x/cc as external dependency cce:/internal/x/cc-fu/2d.
debug: Resolve cce:/internal/x/cc-fu/ui from cce:/internal/x/cc as external dependency cce:/internal/x/cc-fu/ui.
debug: Resolve cce:/internal/x/cc-fu/particle from cce:/internal/x/cc as external dependency cce:/internal/x/cc-fu/particle.
debug: Resolve cce:/internal/x/cc-fu/physics-ammo from cce:/internal/x/cc as external dependency cce:/internal/x/cc-fu/physics-ammo.
debug: Resolve cce:/internal/x/cc-fu/physics-framework from cce:/internal/x/cc as external dependency cce:/internal/x/cc-fu/physics-framework.
debug: Resolve cce:/internal/x/cc-fu/wait-for-ammo-instantiation from cce:/internal/x/cc as external dependency cce:/internal/x/cc-fu/wait-for-ammo-instantiation.
debug: Resolve cce:/internal/x/cc-fu/physics-2d-box2d from cce:/internal/x/cc as external dependency cce:/internal/x/cc-fu/physics-2d-box2d.
debug: Resolve cce:/internal/x/cc-fu/physics-2d-framework from cce:/internal/x/cc as external dependency cce:/internal/x/cc-fu/physics-2d-framework.
debug: Resolve cce:/internal/x/cc-fu/intersection-2d from cce:/internal/x/cc as external dependency cce:/internal/x/cc-fu/intersection-2d.
debug: Resolve cce:/internal/x/cc-fu/primitive from cce:/internal/x/cc as external dependency cce:/internal/x/cc-fu/primitive.
debug: Resolve cce:/internal/x/cc-fu/profiler from cce:/internal/x/cc as external dependency cce:/internal/x/cc-fu/profiler.
debug: Resolve cce:/internal/x/cc-fu/particle-2d from cce:/internal/x/cc as external dependency cce:/internal/x/cc-fu/particle-2d.
debug: Resolve cce:/internal/x/cc-fu/audio from cce:/internal/x/cc as external dependency cce:/internal/x/cc-fu/audio.
debug: Resolve cce:/internal/x/cc-fu/video from cce:/internal/x/cc as external dependency cce:/internal/x/cc-fu/video.
debug: Resolve cce:/internal/x/cc-fu/webview from cce:/internal/x/cc as external dependency cce:/internal/x/cc-fu/webview.
debug: Resolve cce:/internal/x/cc-fu/tween from cce:/internal/x/cc as external dependency cce:/internal/x/cc-fu/tween.
debug: Resolve cce:/internal/x/cc-fu/terrain from cce:/internal/x/cc as external dependency cce:/internal/x/cc-fu/terrain.
debug: Resolve cce:/internal/x/cc-fu/tiled-map from cce:/internal/x/cc as external dependency cce:/internal/x/cc-fu/tiled-map.
debug: Resolve cce:/internal/x/cc-fu/spine from cce:/internal/x/cc as external dependency cce:/internal/x/cc-fu/spine.
debug: Resolve cce:/internal/x/cc-fu/dragon-bones from cce:/internal/x/cc as external dependency cce:/internal/x/cc-fu/dragon-bones.
debug: Inspect cce:/internal/x/prerequisite-imports
debug: Resolve file:///D:/BabylonJsExtensions/recastjs/demo/assets/script/recastdetourjs/tool/INavigationEngine.ts from cce:/internal/x/prerequisite-imports as file:///D:/BabylonJsExtensions/recastjs/demo/assets/script/recastdetourjs/tool/INavigationEngine.ts.
debug: Resolve file:///D:/BabylonJsExtensions/recastjs/demo/assets/script/recastdetourjs/tool/RecastDetourManager.ts from cce:/internal/x/prerequisite-imports as file:///D:/BabylonJsExtensions/recastjs/demo/assets/script/recastdetourjs/tool/RecastDetourManager.ts.
debug: Resolve file:///D:/BabylonJsExtensions/recastjs/demo/assets/script/recastdetourjs/tool/recastJsPlugin.ts from cce:/internal/x/prerequisite-imports as file:///D:/BabylonJsExtensions/recastjs/demo/assets/script/recastdetourjs/tool/recastJsPlugin.ts.
debug: Resolve file:///D:/BabylonJsExtensions/recastjs/demo/assets/script/test.ts from cce:/internal/x/prerequisite-imports as file:///D:/BabylonJsExtensions/recastjs/demo/assets/script/test.ts.
debug: Inspect file:///D:/BabylonJsExtensions/recastjs/demo/assets/script/recastdetourjs/tool/INavigationEngine.ts
debug: Inspect file:///D:/BabylonJsExtensions/recastjs/demo/assets/script/recastdetourjs/tool/RecastDetourManager.ts
debug: Inspect file:///D:/BabylonJsExtensions/recastjs/demo/assets/script/recastdetourjs/tool/recastJsPlugin.ts
debug: Inspect file:///D:/BabylonJsExtensions/recastjs/demo/assets/script/test.ts
debug: Resolve cc from file:///D:/BabylonJsExtensions/recastjs/demo/assets/script/recastdetourjs/tool/INavigationEngine.ts as cce:/internal/x/cc.
debug: Resolve cce:/internal/code-quality/cr.mjs from file:///D:/BabylonJsExtensions/recastjs/demo/assets/script/recastdetourjs/tool/RecastDetourManager.ts as cce:/internal/code-quality/cr.mjs.
debug: Resolve cc from file:///D:/BabylonJsExtensions/recastjs/demo/assets/script/recastdetourjs/tool/RecastDetourManager.ts as cce:/internal/x/cc.
debug: Resolve cc from file:///D:/BabylonJsExtensions/recastjs/demo/assets/script/recastdetourjs/tool/RecastDetourManager.ts as cce:/internal/x/cc.
debug: Inspect cce:/internal/code-quality/cr.mjs
debug: Resolve cce:/internal/code-quality/cr.mjs from file:///D:/BabylonJsExtensions/recastjs/demo/assets/script/recastdetourjs/tool/recastJsPlugin.ts as cce:/internal/code-quality/cr.mjs.
debug: Resolve cc from file:///D:/BabylonJsExtensions/recastjs/demo/assets/script/recastdetourjs/tool/recastJsPlugin.ts as cce:/internal/x/cc.
debug: Resolve cc from file:///D:/BabylonJsExtensions/recastjs/demo/assets/script/recastdetourjs/tool/recastJsPlugin.ts as cce:/internal/x/cc.
debug: Resolve cc from file:///D:/BabylonJsExtensions/recastjs/demo/assets/script/recastdetourjs/tool/recastJsPlugin.ts as cce:/internal/x/cc.
debug: Resolve cce:/internal/code-quality/cr.mjs from file:///D:/BabylonJsExtensions/recastjs/demo/assets/script/test.ts as cce:/internal/code-quality/cr.mjs.
debug: Resolve cc from file:///D:/BabylonJsExtensions/recastjs/demo/assets/script/test.ts as cce:/internal/x/cc.
debug: Resolve cc from file:///D:/BabylonJsExtensions/recastjs/demo/assets/script/test.ts as cce:/internal/x/cc.
debug: Resolve cc from file:///D:/BabylonJsExtensions/recastjs/demo/assets/script/test.ts as cce:/internal/x/cc.
debug: Resolve ./recastJsPlugin from file:///D:/BabylonJsExtensions/recastjs/demo/assets/script/recastdetourjs/tool/RecastDetourManager.ts as file:///D:/BabylonJsExtensions/recastjs/demo/assets/script/recastdetourjs/tool/recastJsPlugin.ts.
debug: Resolve ./recastdetourjs/tool/RecastDetourManager from file:///D:/BabylonJsExtensions/recastjs/demo/assets/script/test.ts as file:///D:/BabylonJsExtensions/recastjs/demo/assets/script/recastdetourjs/tool/RecastDetourManager.ts.
debug: Resolve ./recastdetourjs/tool/recastJsPlugin from file:///D:/BabylonJsExtensions/recastjs/demo/assets/script/test.ts as file:///D:/BabylonJsExtensions/recastjs/demo/assets/script/recastdetourjs/tool/recastJsPlugin.ts.
debug: Target(preview) ends with cost 438.280299000442ms.
debug: Build iteration starts.
Number of accumulated asset changes: 0
Feature changed: true
debug: Sync engine features: base,gfx-webgl,profiler,audio,video,webview,tween,3d,particle,primitive,terrain,2d,ui,physics-2d-box2d,intersection-2d,particle-2d,tiled-map,spine,dragon-bones
debug: Target(editor) build started.
debug: Target(editor) ends with cost 7.425999999046326ms.
debug: Target(preview) build started.
debug: Detected change: cce:/internal/x/cc. Last mtime: Thu Jan 01 1970 08:00:06 GMT+0800 (中国标准时间), Current mtime: Thu Jan 01 1970 08:00:29 GMT+0800 (中国标准时间)
debug: Inspect cce:/internal/x/cc
debug: Resolve cce:/internal/x/cc-fu/base from cce:/internal/x/cc as external dependency cce:/internal/x/cc-fu/base.
debug: Resolve cce:/internal/x/cc-fu/gfx-webgl from cce:/internal/x/cc as external dependency cce:/internal/x/cc-fu/gfx-webgl.
debug: Resolve cce:/internal/x/cc-fu/profiler from cce:/internal/x/cc as external dependency cce:/internal/x/cc-fu/profiler.
debug: Resolve cce:/internal/x/cc-fu/audio from cce:/internal/x/cc as external dependency cce:/internal/x/cc-fu/audio.
debug: Resolve cce:/internal/x/cc-fu/video from cce:/internal/x/cc as external dependency cce:/internal/x/cc-fu/video.
debug: Resolve cce:/internal/x/cc-fu/webview from cce:/internal/x/cc as external dependency cce:/internal/x/cc-fu/webview.
debug: Resolve cce:/internal/x/cc-fu/tween from cce:/internal/x/cc as external dependency cce:/internal/x/cc-fu/tween.
debug: Resolve cce:/internal/x/cc-fu/3d from cce:/internal/x/cc as external dependency cce:/internal/x/cc-fu/3d.
debug: Resolve cce:/internal/x/cc-fu/particle from cce:/internal/x/cc as external dependency cce:/internal/x/cc-fu/particle.
debug: Resolve cce:/internal/x/cc-fu/primitive from cce:/internal/x/cc as external dependency cce:/internal/x/cc-fu/primitive.
debug: Resolve cce:/internal/x/cc-fu/terrain from cce:/internal/x/cc as external dependency cce:/internal/x/cc-fu/terrain.
debug: Resolve cce:/internal/x/cc-fu/2d from cce:/internal/x/cc as external dependency cce:/internal/x/cc-fu/2d.
debug: Resolve cce:/internal/x/cc-fu/ui from cce:/internal/x/cc as external dependency cce:/internal/x/cc-fu/ui.
debug: Resolve cce:/internal/x/cc-fu/physics-2d-box2d from cce:/internal/x/cc as external dependency cce:/internal/x/cc-fu/physics-2d-box2d.
debug: Resolve cce:/internal/x/cc-fu/physics-2d-framework from cce:/internal/x/cc as external dependency cce:/internal/x/cc-fu/physics-2d-framework.
debug: Resolve cce:/internal/x/cc-fu/intersection-2d from cce:/internal/x/cc as external dependency cce:/internal/x/cc-fu/intersection-2d.
debug: Resolve cce:/internal/x/cc-fu/particle-2d from cce:/internal/x/cc as external dependency cce:/internal/x/cc-fu/particle-2d.
debug: Resolve cce:/internal/x/cc-fu/tiled-map from cce:/internal/x/cc as external dependency cce:/internal/x/cc-fu/tiled-map.
debug: Resolve cce:/internal/x/cc-fu/spine from cce:/internal/x/cc as external dependency cce:/internal/x/cc-fu/spine.
debug: Resolve cce:/internal/x/cc-fu/dragon-bones from cce:/internal/x/cc as external dependency cce:/internal/x/cc-fu/dragon-bones.
debug: Target(preview) ends with cost 36.67449999973178ms.
debug: Build iteration starts.
Number of accumulated asset changes: 0
Feature changed: true
debug: Sync engine features: base,gfx-webgl,profiler,audio,video,webview,tween,3d,particle,primitive,terrain,2d,ui,intersection-2d,particle-2d,tiled-map,spine,dragon-bones
debug: Target(editor) build started.
debug: Target(editor) ends with cost 9.866999000310898ms.
debug: Target(preview) build started.
debug: Detected change: cce:/internal/x/cc. Last mtime: Thu Jan 01 1970 08:00:29 GMT+0800 (中国标准时间), Current mtime: Thu Jan 01 1970 08:00:32 GMT+0800 (中国标准时间)
debug: Inspect cce:/internal/x/cc
debug: Resolve cce:/internal/x/cc-fu/base from cce:/internal/x/cc as external dependency cce:/internal/x/cc-fu/base.
debug: Resolve cce:/internal/x/cc-fu/gfx-webgl from cce:/internal/x/cc as external dependency cce:/internal/x/cc-fu/gfx-webgl.
debug: Resolve cce:/internal/x/cc-fu/profiler from cce:/internal/x/cc as external dependency cce:/internal/x/cc-fu/profiler.
debug: Resolve cce:/internal/x/cc-fu/audio from cce:/internal/x/cc as external dependency cce:/internal/x/cc-fu/audio.
debug: Resolve cce:/internal/x/cc-fu/video from cce:/internal/x/cc as external dependency cce:/internal/x/cc-fu/video.
debug: Resolve cce:/internal/x/cc-fu/webview from cce:/internal/x/cc as external dependency cce:/internal/x/cc-fu/webview.
debug: Resolve cce:/internal/x/cc-fu/tween from cce:/internal/x/cc as external dependency cce:/internal/x/cc-fu/tween.
debug: Resolve cce:/internal/x/cc-fu/3d from cce:/internal/x/cc as external dependency cce:/internal/x/cc-fu/3d.
debug: Resolve cce:/internal/x/cc-fu/particle from cce:/internal/x/cc as external dependency cce:/internal/x/cc-fu/particle.
debug: Resolve cce:/internal/x/cc-fu/primitive from cce:/internal/x/cc as external dependency cce:/internal/x/cc-fu/primitive.
debug: Resolve cce:/internal/x/cc-fu/terrain from cce:/internal/x/cc as external dependency cce:/internal/x/cc-fu/terrain.
debug: Resolve cce:/internal/x/cc-fu/2d from cce:/internal/x/cc as external dependency cce:/internal/x/cc-fu/2d.
debug: Resolve cce:/internal/x/cc-fu/ui from cce:/internal/x/cc as external dependency cce:/internal/x/cc-fu/ui.
debug: Resolve cce:/internal/x/cc-fu/intersection-2d from cce:/internal/x/cc as external dependency cce:/internal/x/cc-fu/intersection-2d.
debug: Resolve cce:/internal/x/cc-fu/particle-2d from cce:/internal/x/cc as external dependency cce:/internal/x/cc-fu/particle-2d.
debug: Resolve cce:/internal/x/cc-fu/tiled-map from cce:/internal/x/cc as external dependency cce:/internal/x/cc-fu/tiled-map.
debug: Resolve cce:/internal/x/cc-fu/spine from cce:/internal/x/cc as external dependency cce:/internal/x/cc-fu/spine.
debug: Resolve cce:/internal/x/cc-fu/dragon-bones from cce:/internal/x/cc as external dependency cce:/internal/x/cc-fu/dragon-bones.
debug: Target(preview) ends with cost 36.647799998521805ms.
